0 info it worked if it ends with ok
1 verbose cli [ 'node', '/usr/local/bin/npm', 'install', 'zen-grids' ]
2 info using npm@2.12.1
3 info using node@v0.12.7
4 verbose node symlink /usr/local/bin/node
5 verbose install initial load of /Users/Guest/Desktop/ashlinaronin.github.io/package.json
6 verbose installManyTop reading scoped package data from /Users/Guest/Desktop/ashlinaronin.github.io/node_modules/compass/package.json
7 verbose readDependencies loading dependencies from /Users/Guest/Desktop/ashlinaronin.github.io/package.json
8 silly cache add args [ 'zen-grids', null ]
9 verbose cache add spec zen-grids
10 silly cache add parsed spec { raw: 'zen-grids',
10 silly cache add   scope: null,
10 silly cache add   name: 'zen-grids',
10 silly cache add   rawSpec: '',
10 silly cache add   spec: '*',
10 silly cache add   type: 'range' }
11 silly addNamed zen-grids@*
12 verbose addNamed "*" is a valid semver range for zen-grids
13 silly addNameRange { name: 'zen-grids', range: '*', hasData: false }
14 silly mapToRegistry name zen-grids
15 silly mapToRegistry using default registry
16 silly mapToRegistry registry https://registry.npmjs.org/
17 silly mapToRegistry uri https://registry.npmjs.org/zen-grids
18 verbose addNameRange registry:https://registry.npmjs.org/zen-grids not in flight; fetching
19 verbose request uri https://registry.npmjs.org/zen-grids
20 verbose request no auth needed
21 info attempt registry request try #1 at 14:15:57
22 verbose request id cd0fb1215153e645
23 http request GET https://registry.npmjs.org/zen-grids
24 http 200 https://registry.npmjs.org/zen-grids
25 silly get cb [ 200,
25 silly get   { server: 'CouchDB/1.5.0 (Erlang OTP/R16B03)',
25 silly get     etag: '"U4C38X22MG32N5XVW6TZHYL3"',
25 silly get     'content-type': 'application/json',
25 silly get     'cache-control': 'max-age=60',
25 silly get     'content-length': '4971',
25 silly get     'accept-ranges': 'bytes',
25 silly get     date: 'Tue, 10 Nov 2015 22:15:57 GMT',
25 silly get     via: '1.1 varnish',
25 silly get     age: '0',
25 silly get     connection: 'keep-alive',
25 silly get     'x-served-by': 'cache-lax1420-LAX',
25 silly get     'x-cache': 'MISS',
25 silly get     'x-cache-hits': '0',
25 silly get     'x-timer': 'S1447193757.440617,VS0,VE83',
25 silly get     vary: 'Accept' } ]
26 verbose get saving zen-grids to /Users/Guest/.npm/registry.npmjs.org/zen-grids/.cache.json
27 silly addNameRange number 2 { name: 'zen-grids', range: '*', hasData: true }
28 silly addNameRange versions [ 'zen-grids', [ '2.0.0-beta.4' ] ]
29 verbose stack Error: No compatible version found: zen-grids@'*'
29 verbose stack Valid install targets:
29 verbose stack ["2.0.0-beta.4"]
29 verbose stack
29 verbose stack     at installTargetsError (/usr/local/lib/node_modules/npm/lib/cache/add-named.js:274:12)
29 verbose stack     at next (/usr/local/lib/node_modules/npm/lib/cache/add-named.js:253:17)
29 verbose stack     at setData (/usr/local/lib/node_modules/npm/lib/cache/add-named.js:230:5)
29 verbose stack     at RES (/usr/local/lib/node_modules/npm/node_modules/inflight/inflight.js:23:14)
29 verbose stack     at f (/usr/local/lib/node_modules/npm/node_modules/once/once.js:17:25)
29 verbose stack     at fixName (/usr/local/lib/node_modules/npm/lib/cache/add-named.js:29:5)
29 verbose stack     at saved (/usr/local/lib/node_modules/npm/lib/cache/caching-client.js:173:7)
29 verbose stack     at FSReqWrap.oncomplete (fs.js:95:15)
30 verbose cwd /Users/Guest/Desktop/ashlinaronin.github.io
31 error Darwin 14.4.0
32 error argv "node" "/usr/local/bin/npm" "install" "zen-grids"
33 error node v0.12.7
34 error npm  v2.12.1
35 error code ETARGET
36 error notarget No compatible version found: zen-grids@'*'
36 error notarget Valid install targets:
36 error notarget ["2.0.0-beta.4"]
36 error notarget
36 error notarget This is most likely not a problem with npm itself.
36 error notarget In most cases you or one of your dependencies are requesting
36 error notarget a package version that doesn't exist.
37 verbose exit [ 1, true ]
